# JRE version: OpenJDK Runtime Environment (8.0_152) (build 1.8.0_152-release-1343-b16-5323222)
# Java VM: OpenJDK 64-Bit Server VM (25.152-b16-5323222 mixed mode linux-amd64 compressed oops)
Heap:
 PSYoungGen      total 219136K, used 14842K [0x00000000e0000000, 0x00000000ee480000, 0x0000000100000000)
  eden space 204288K, 0% used [0x00000000e0000000,0x00000000e0000000,0x00000000ec780000)
  from space 14848K, 99% used [0x00000000ec780000,0x00000000ed5feb90,0x00000000ed600000)
  to   space 13824K, 0% used [0x00000000ed700000,0x00000000ed700000,0x00000000ee480000)
 ParOldGen       total 89088K, used 25640K [0x00000000a0000000, 0x00000000a5700000, 0x00000000e0000000)
  object space 89088K, 28% used [0x00000000a0000000,0x00000000a190a248,0x00000000a5700000)
 Metaspace       used 51770K, capacity 53066K, committed 53336K, reserved 1095680K
  class space    used 6847K, capacity 7193K, committed 7296K, reserved 1048576K
GC Heap History (10 events):
Event: 5.079 GC heap after
Heap after GC invocations=4 (full 0):
 PSYoungGen      total 132096K, used 5104K [0x00000000e0000000, 0x00000000e8600000, 0x0000000100000000)
  eden space 126976K, 0% used [0x00000000e0000000,0x00000000e0000000,0x00000000e7c00000)
  from space 5120K, 99% used [0x00000000e8100000,0x00000000e85fc050,0x00000000e8600000)
  to   space 5120K, 0% used [0x00000000e7c00000,0x00000000e7c00000,0x00000000e8100000)
 ParOldGen       total 84992K, used 8724K [0x00000000a0000000, 0x00000000a5300000, 0x00000000e0000000)
  object space 84992K, 10% used [0x00000000a0000000,0x00000000a0885068,0x00000000a5300000)
 Metaspace       used 20690K, capacity 21082K, committed 21248K, reserved 1067008K
  class space    used 2916K, capacity 3040K, committed 3072K, reserved 1048576K
}
Event: 5.079 GC heap before
{Heap before GC invocations=5 (full 1):
 PSYoungGen      total 132096K, used 5104K [0x00000000e0000000, 0x00000000e8600000, 0x0000000100000000)
  eden space 126976K, 0% used [0x00000000e0000000,0x00000000e0000000,0x00000000e7c00000)
  from space 5120K, 99% used [0x00000000e8100000,0x00000000e85fc050,0x00000000e8600000)
  to   space 5120K, 0% used [0x00000000e7c00000,0x00000000e7c00000,0x00000000e8100000)
 ParOldGen       total 84992K, used 8724K [0x00000000a0000000, 0x00000000a5300000, 0x00000000e0000000)
  object space 84992K, 10% used [0x00000000a0000000,0x00000000a0885068,0x00000000a5300000)
 Metaspace       used 20690K, capacity 21082K, committed 21248K, reserved 1067008K
  class space    used 2916K, capacity 3040K, committed 3072K, reserved 1048576K
Event: 5.140 GC heap after
Heap after GC invocations=5 (full 1):
 PSYoungGen      total 132096K, used 0K [0x00000000e0000000, 0x00000000e8600000, 0x0000000100000000)
  eden space 126976K, 0% used [0x00000000e0000000,0x00000000e0000000,0x00000000e7c00000)
  from space 5120K, 0% used [0x00000000e8100000,0x00000000e8100000,0x00000000e8600000)
  to   space 5120K, 0% used [0x00000000e7c00000,0x00000000e7c00000,0x00000000e8100000)
 ParOldGen       total 57344K, used 8390K [0x00000000a0000000, 0x00000000a3800000, 0x00000000e0000000)
  object space 57344K, 14% used [0x00000000a0000000,0x00000000a0831988,0x00000000a3800000)
 Metaspace       used 20690K, capacity 21082K, committed 21248K, reserved 1067008K
  class space    used 2916K, capacity 3040K, committed 3072K, reserved 1048576K
}
Event: 7.028 GC heap before
{Heap before GC invocations=6 (full 1):
 PSYoungGen      total 132096K, used 126976K [0x00000000e0000000, 0x00000000e8600000, 0x0000000100000000)
  eden space 126976K, 100% used [0x00000000e0000000,0x00000000e7c00000,0x00000000e7c00000)
  from space 5120K, 0% used [0x00000000e8100000,0x00000000e8100000,0x00000000e8600000)
  to   space 5120K, 0% used [0x00000000e7c00000,0x00000000e7c00000,0x00000000e8100000)
 ParOldGen       total 57344K, used 8390K [0x00000000a0000000, 0x00000000a3800000, 0x00000000e0000000)
  object space 57344K, 14% used [0x00000000a0000000,0x00000000a0831988,0x00000000a3800000)
 Metaspace       used 29375K, capacity 30132K, committed 30336K, reserved 1075200K
  class space    used 4128K, capacity 4356K, committed 4480K, reserved 1048576K
Event: 7.050 GC heap after
Heap after GC invocations=6 (full 1):
 PSYoungGen      total 132096K, used 5104K [0x00000000e0000000, 0x00000000ee500000, 0x0000000100000000)
  eden space 126976K, 0% used [0x00000000e0000000,0x00000000e0000000,0x00000000e7c00000)
  from space 5120K, 99% used [0x00000000e7c00000,0x00000000e80fc010,0x00000000e8100000)
  to   space 14336K, 0% used [0x00000000ed700000,0x00000000ed700000,0x00000000ee500000)
 ParOldGen       total 57344K, used 15733K [0x00000000a0000000, 0x00000000a3800000, 0x00000000e0000000)
  object space 57344K, 27% used [0x00000000a0000000,0x00000000a0f5d5c8,0x00000000a3800000)
 Metaspace       used 29375K, capacity 30132K, committed 30336K, reserved 1075200K
  class space    used 4128K, capacity 4356K, committed 4480K, reserved 1048576K
}
Event: 9.346 GC heap before
{Heap before GC invocations=7 (full 1):
 PSYoungGen      total 132096K, used 100267K [0x00000000e0000000, 0x00000000ee500000, 0x0000000100000000)
  eden space 126976K, 74% used [0x00000000e0000000,0x00000000e5ceee18,0x00000000e7c00000)
  from space 5120K, 99% used [0x00000000e7c00000,0x00000000e80fc010,0x00000000e8100000)
  to   space 14336K, 0% used [0x00000000ed700000,0x00000000ed700000,0x00000000ee500000)
 ParOldGen       total 57344K, used 15733K [0x00000000a0000000, 0x00000000a3800000, 0x00000000e0000000)
  object space 57344K, 27% used [0x00000000a0000000,0x00000000a0f5d5c8,0x00000000a3800000)
 Metaspace       used 34516K, capacity 35268K, committed 35416K, reserved 1079296K
  class space    used 4689K, capacity 4912K, committed 4992K, reserved 1048576K
Event: 9.381 GC heap after
Heap after GC invocations=7 (full 1):
 PSYoungGen      total 218112K, used 10257K [0x00000000e0000000, 0x00000000ee480000, 0x0000000100000000)
  eden space 204288K, 0% used [0x00000000e0000000,0x00000000e0000000,0x00000000ec780000)
  from space 13824K, 74% used [0x00000000ed700000,0x00000000ee104658,0x00000000ee480000)
  to   space 14848K, 0% used [0x00000000ec780000,0x00000000ec780000,0x00000000ed600000)
 ParOldGen       total 57344K, used 15741K [0x00000000a0000000, 0x00000000a3800000, 0x00000000e0000000)
  object space 57344K, 27% used [0x00000000a0000000,0x00000000a0f5f5c8,0x00000000a3800000)
 Metaspace       used 34516K, capacity 35268K, committed 35416K, reserved 1079296K
  class space    used 4689K, capacity 4912K, committed 4992K, reserved 1048576K
}
Event: 9.381 GC heap before
{Heap before GC invocations=8 (full 2):
 PSYoungGen      total 218112K, used 10257K [0x00000000e0000000, 0x00000000ee480000, 0x0000000100000000)
  eden space 204288K, 0% used [0x00000000e0000000,0x00000000e0000000,0x00000000ec780000)
  from space 13824K, 74% used [0x00000000ed700000,0x00000000ee104658,0x00000000ee480000)
  to   space 14848K, 0% used [0x00000000ec780000,0x00000000ec780000,0x00000000ed600000)
 ParOldGen       total 57344K, used 15741K [0x00000000a0000000, 0x00000000a3800000, 0x00000000e0000000)
  object space 57344K, 27% used [0x00000000a0000000,0x00000000a0f5f5c8,0x00000000a3800000)
 Metaspace       used 34516K, capacity 35268K, committed 35416K, reserved 1079296K
  class space    used 4689K, capacity 4912K, committed 4992K, reserved 1048576K
Event: 9.466 GC heap after
Heap after GC invocations=8 (full 2):
 PSYoungGen      total 218112K, used 0K [0x00000000e0000000, 0x00000000ee480000, 0x0000000100000000)
  eden space 204288K, 0% used [0x00000000e0000000,0x00000000e0000000,0x00000000ec780000)
  from space 13824K, 0% used [0x00000000ed700000,0x00000000ed700000,0x00000000ee480000)
  to   space 14848K, 0% used [0x00000000ec780000,0x00000000ec780000,0x00000000ed600000)
 ParOldGen       total 89088K, used 17389K [0x00000000a0000000, 0x00000000a5700000, 0x00000000e0000000)
  object space 89088K, 19% used [0x00000000a0000000,0x00000000a10fb778,0x00000000a5700000)
 Metaspace       used 34516K, capacity 35268K, committed 35416K, reserved 1079296K
  class space    used 4689K, capacity 4912K, committed 4992K, reserved 1048576K
}
Event: 13.388 GC heap before
{Heap before GC invocations=9 (full 2):
 PSYoungGen      total 218112K, used 204288K [0x00000000e0000000, 0x00000000ee480000, 0x0000000100000000)
  eden space 204288K, 100% used [0x00000000e0000000,0x00000000ec780000,0x00000000ec780000)
  from space 13824K, 0% used [0x00000000ed700000,0x00000000ed700000,0x00000000ee480000)
  to   space 14848K, 0% used [0x00000000ec780000,0x00000000ec780000,0x00000000ed600000)
 ParOldGen       total 89088K, used 17389K [0x00000000a0000000, 0x00000000a5700000, 0x00000000e0000000)
  object space 89088K, 19% used [0x00000000a0000000,0x00000000a10fb778,0x00000000a5700000)
 Metaspace       used 51770K, capacity 53066K, committed 53336K, reserved 1095680K
  class space    used 6847K, capacity 7193K, committed 7296K, reserved 1048576K

